{"level":"error","message":"Loading mods: Error: ENOENT: no such file or directory, scandir 'C:\\Users\\avata\\Documents\\OKW\\BotFiles\\mods'","service":"user-service"}
{"level":"error","message":"Call next action: [help] TypeError: Cannot read property 'type' of undefined\n    at Object.DBS.callNextAction (C:\\Users\\avata\\Documents\\OKW\\BotFiles\\bot.js:116:20)\n    at Object.module.exports.Message_Handle (C:\\Users\\avata\\Documents\\OKW\\BotFiles\\Handlers\\Message.js:33:9)\n    at processTicksAndRejections (internal/process/task_queues.js:93:5)","service":"user-service"}
{"level":"error","message":"Call next action: [info] TypeError: Cannot read property 'type' of undefined\n    at Object.DBS.callNextAction (C:\\Users\\avata\\Documents\\OKW\\BotFiles\\bot.js:116:20)\n    at Object.module.exports.Message_Handle (C:\\Users\\avata\\Documents\\OKW\\BotFiles\\Handlers\\Message.js:33:9)\n    at processTicksAndRejections (internal/process/task_queues.js:93:5)","service":"user-service"}
{"level":"error","message":"Loading mods: Error: ENOENT: no such file or directory, scandir 'C:\\Users\\avata\\Documents\\OKW\\BotFiles\\mods'","service":"user-service"}
{"level":"error","message":"Loading mods: Error: ENOENT: no such file or directory, scandir 'C:\\Users\\avata\\Documents\\OKW\\BotFiles\\mods'","service":"user-service"}
{"level":"error","message":"Call next action: [mecz] TypeError: Cannot read property 'type' of undefined\n    at Object.DBS.callNextAction (C:\\Users\\avata\\Documents\\OKW\\BotFiles\\bot.js:116:20)\n    at Object.module.exports.Message_Handle (C:\\Users\\avata\\Documents\\OKW\\BotFiles\\Handlers\\Message.js:33:9)\n    at processTicksAndRejections (internal/process/task_queues.js:93:5)","service":"user-service"}
{"level":"error","message":"Call next action: [mecz] TypeError: Cannot read property 'type' of undefined\n    at Object.DBS.callNextAction (C:\\Users\\avata\\Documents\\OKW\\BotFiles\\bot.js:116:20)\n    at Object.module.exports.Message_Handle (C:\\Users\\avata\\Documents\\OKW\\BotFiles\\Handlers\\Message.js:33:9)\n    at processTicksAndRejections (internal/process/task_queues.js:93:5)","service":"user-service"}
{"level":"error","message":"Loading mods: Error: ENOENT: no such file or directory, scandir 'C:\\Users\\avata\\Documents\\OKW\\BotFiles\\mods'","service":"user-service"}
{"level":"error","message":"Call next action: [mecz] TypeError: Cannot read property 'type' of undefined\n    at Object.DBS.callNextAction (C:\\Users\\avata\\Documents\\OKW\\BotFiles\\bot.js:116:20)\n    at Object.module.exports.Message_Handle (C:\\Users\\avata\\Documents\\OKW\\BotFiles\\Handlers\\Message.js:33:9)\n    at processTicksAndRejections (internal/process/task_queues.js:93:5)","service":"user-service"}
{"level":"error","message":"Loading mods: Error: ENOENT: no such file or directory, scandir 'C:\\Users\\avata\\Documents\\OKW\\BotFiles\\mods'","service":"user-service"}
{"level":"error","message":"Call next action: [mecz] TypeError: Cannot read property 'type' of undefined\n    at Object.DBS.callNextAction (C:\\Users\\avata\\Documents\\OKW\\BotFiles\\bot.js:116:20)\n    at Object.module.exports.Message_Handle (C:\\Users\\avata\\Documents\\OKW\\BotFiles\\Handlers\\Message.js:33:9)\n    at processTicksAndRejections (internal/process/task_queues.js:93:5)","service":"user-service"}
{"level":"error","message":"Loading mods: Error: ENOENT: no such file or directory, scandir 'C:\\Users\\avata\\Documents\\OKW\\BotFiles\\mods'","service":"user-service"}
{"level":"error","message":"Call next action: [mecz f] TypeError: Cannot read property 'type' of undefined\n    at Object.DBS.callNextAction (C:\\Users\\avata\\Documents\\OKW\\BotFiles\\bot.js:116:20)\n    at Object.module.exports.Message_Handle (C:\\Users\\avata\\Documents\\OKW\\BotFiles\\Handlers\\Message.js:33:9)\n    at processTicksAndRejections (internal/process/task_queues.js:93:5)","service":"user-service"}
{"level":"error","message":"Loading mods: Error: ENOENT: no such file or directory, scandir 'C:\\Users\\avata\\Documents\\OKW\\BotFiles\\mods'","service":"user-service"}
{"level":"error","message":"Call next action: [mecz 12] TypeError: Cannot read property 'type' of undefined\n    at Object.DBS.callNextAction (C:\\Users\\avata\\Documents\\OKW\\BotFiles\\bot.js:116:20)\n    at Object.module.exports.Message_Handle (C:\\Users\\avata\\Documents\\OKW\\BotFiles\\Handlers\\Message.js:33:9)\n    at processTicksAndRejections (internal/process/task_queues.js:93:5)","service":"user-service"}
{"level":"error","message":"Loading mods: Error: ENOENT: no such file or directory, scandir 'C:\\Users\\avata\\Documents\\OKW\\BotFiles\\mods'","service":"user-service"}
{"level":"error","message":"Call next action: [cz 3 5] TypeError: Cannot read property 'type' of undefined\n    at Object.DBS.callNextAction (C:\\Users\\avata\\Documents\\OKW\\BotFiles\\bot.js:116:20)\n    at Object.module.exports.Message_Handle (C:\\Users\\avata\\Documents\\OKW\\BotFiles\\Handlers\\Message.js:33:9)\n    at processTicksAndRejections (internal/process/task_queues.js:93:5)","service":"user-service"}
{"level":"error","message":"Loading mods: Error: ENOENT: no such file or directory, scandir 'C:\\Users\\avata\\Documents\\OKW\\BotFiles\\mods'","service":"user-service"}
{"level":"error","message":"Call next action: [z 1 3] TypeError: Cannot read property 'type' of undefined\n    at Object.DBS.callNextAction (C:\\Users\\avata\\Documents\\OKW\\BotFiles\\bot.js:116:20)\n    at Object.module.exports.Message_Handle (C:\\Users\\avata\\Documents\\OKW\\BotFiles\\Handlers\\Message.js:33:9)\n    at processTicksAndRejections (internal/process/task_queues.js:93:5)","service":"user-service"}
{"level":"error","message":"Loading mods: Error: ENOENT: no such file or directory, scandir 'C:\\Users\\avata\\Documents\\OKW\\BotFiles\\mods'","service":"user-service"}
{"level":"error","message":"Call next action: [z 3 45] TypeError: Cannot read property 'type' of undefined\n    at Object.DBS.callNextAction (C:\\Users\\avata\\Documents\\OKW\\BotFiles\\bot.js:116:20)\n    at Object.module.exports.Message_Handle (C:\\Users\\avata\\Documents\\OKW\\BotFiles\\Handlers\\Message.js:33:9)\n    at processTicksAndRejections (internal/process/task_queues.js:93:5)","service":"user-service"}
{"level":"error","message":"Loading mods: Error: ENOENT: no such file or directory, scandir 'C:\\Users\\avata\\Documents\\OKW\\BotFiles\\mods'","service":"user-service"}
{"level":"error","message":"Call next action: [z f 1] TypeError: Cannot read property 'type' of undefined\n    at Object.DBS.callNextAction (C:\\Users\\avata\\Documents\\OKW\\BotFiles\\bot.js:116:20)\n    at Object.module.exports.Message_Handle (C:\\Users\\avata\\Documents\\OKW\\BotFiles\\Handlers\\Message.js:33:9)\n    at processTicksAndRejections (internal/process/task_queues.js:93:5)","service":"user-service"}
{"level":"error","message":"Call next action: [assault kox] TypeError: Cannot read property 'type' of undefined\n    at Object.DBS.callNextAction (C:\\Users\\avata\\Documents\\OKW\\BotFiles\\bot.js:116:20)\n    at Object.module.exports.Message_Handle (C:\\Users\\avata\\Documents\\OKW\\BotFiles\\Handlers\\Message.js:33:9)","service":"user-service"}
{"level":"error","message":"Loading mods: Error: ENOENT: no such file or directory, scandir 'C:\\Users\\avata\\Documents\\OKW\\BotFiles\\mods'","service":"user-service"}
{"level":"error","message":"Call next action: [z 24 18] TypeError: Cannot read property 'type' of undefined\n    at Object.DBS.callNextAction (C:\\Users\\avata\\Documents\\OKW\\BotFiles\\bot.js:116:20)\n    at Object.module.exports.Message_Handle (C:\\Users\\avata\\Documents\\OKW\\BotFiles\\Handlers\\Message.js:33:9)\n    at processTicksAndRejections (internal/process/task_queues.js:93:5)","service":"user-service"}
{"level":"error","message":"Loading mods: Error: ENOENT: no such file or directory, scandir 'C:\\Users\\avata\\Documents\\OKW\\BotFiles\\mods'","service":"user-service"}
{"level":"error","message":"Loading mods: Error: ENOENT: no such file or directory, scandir 'C:\\Users\\avata\\Documents\\OKW\\BotFiles\\mods'","service":"user-service"}
{"level":"error","message":"Call next action: [z] TypeError: Cannot read property 'type' of undefined\n    at Object.DBS.callNextAction (C:\\Users\\avata\\Documents\\OKW\\BotFiles\\bot.js:116:20)\n    at Object.module.exports.Message_Handle (C:\\Users\\avata\\Documents\\OKW\\BotFiles\\Handlers\\Message.js:33:9)\n    at processTicksAndRejections (internal/process/task_queues.js:93:5)","service":"user-service"}
{"level":"error","message":"Call next action: [assault kox] TypeError: Cannot read property 'type' of undefined\n    at Object.DBS.callNextAction (C:\\Users\\avata\\Documents\\OKW\\BotFiles\\bot.js:116:20)\n    at Object.module.exports.Message_Handle (C:\\Users\\avata\\Documents\\OKW\\BotFiles\\Handlers\\Message.js:33:9)","service":"user-service"}
{"level":"error","message":"Loading mods: Error: ENOENT: no such file or directory, scandir 'C:\\Users\\avata\\Documents\\OKW\\BotFiles\\mods'","service":"user-service"}
{"level":"error","message":"Call next action: [ssault kox] TypeError: Cannot read property 'type' of undefined\n    at Object.DBS.callNextAction (C:\\Users\\avata\\Documents\\OKW\\BotFiles\\bot.js:116:20)\n    at Object.module.exports.Message_Handle (C:\\Users\\avata\\Documents\\OKW\\BotFiles\\Handlers\\Message.js:33:9)","service":"user-service"}
{"level":"error","message":"Call next action: [ssault] TypeError: Cannot read property 'type' of undefined\n    at Object.DBS.callNextAction (C:\\Users\\avata\\Documents\\OKW\\BotFiles\\bot.js:116:20)\n    at Object.module.exports.Message_Handle (C:\\Users\\avata\\Documents\\OKW\\BotFiles\\Handlers\\Message.js:33:9)","service":"user-service"}
{"level":"error","message":"Loading mods: Error: ENOENT: no such file or directory, scandir 'C:\\Users\\avata\\Documents\\OKW\\BotFiles\\mods'","service":"user-service"}
{"level":"error","message":"Call next action: [z 24 18] TypeError: Cannot read property 'type' of undefined\n    at Object.DBS.callNextAction (C:\\Users\\avata\\Documents\\OKW\\BotFiles\\bot.js:116:20)\n    at Object.module.exports.Message_Handle (C:\\Users\\avata\\Documents\\OKW\\BotFiles\\Handlers\\Message.js:33:9)\n    at processTicksAndRejections (internal/process/task_queues.js:93:5)","service":"user-service"}
{"level":"error","message":"Call next action: [sault kox] TypeError: Cannot read property 'type' of undefined\n    at Object.DBS.callNextAction (C:\\Users\\avata\\Documents\\OKW\\BotFiles\\bot.js:116:20)\n    at Object.module.exports.Message_Handle (C:\\Users\\avata\\Documents\\OKW\\BotFiles\\Handlers\\Message.js:33:9)\n    at processTicksAndRejections (internal/process/task_queues.js:93:5)","service":"user-service"}
{"level":"error","message":"Loading mods: Error: ENOENT: no such file or directory, scandir 'C:\\Users\\avata\\Documents\\OKW\\BotFiles\\mods'","service":"user-service"}
{"level":"error","message":"Call next action: [ kox 2] TypeError: Cannot read property 'type' of undefined\n    at Object.DBS.callNextAction (C:\\Users\\avata\\Documents\\OKW\\BotFiles\\bot.js:116:20)\n    at Object.module.exports.Message_Handle (C:\\Users\\avata\\Documents\\OKW\\BotFiles\\Handlers\\Message.js:33:9)\n    at processTicksAndRejections (internal/process/task_queues.js:93:5)","service":"user-service"}
{"level":"error","message":"Loading mods: Error: ENOENT: no such file or directory, scandir 'C:\\Users\\avata\\Documents\\OKW\\BotFiles\\mods'","service":"user-service"}
{"level":"error","message":"Call next action: [ kox] TypeError: Cannot read property 'type' of undefined\n    at Object.DBS.callNextAction (C:\\Users\\avata\\Documents\\OKW\\BotFiles\\bot.js:116:20)\n    at Object.module.exports.Message_Handle (C:\\Users\\avata\\Documents\\OKW\\BotFiles\\Handlers\\Message.js:33:9)\n    at processTicksAndRejections (internal/process/task_queues.js:93:5)","service":"user-service"}
{"level":"error","message":"Loading mods: Error: ENOENT: no such file or directory, scandir 'C:\\Users\\avata\\Documents\\OKW\\BotFiles\\mods'","service":"user-service"}
{"level":"error","message":"Call next action: [dic kox 3] TypeError: Cannot read property 'type' of undefined\n    at Object.DBS.callNextAction (C:\\Users\\avata\\Documents\\OKW\\BotFiles\\bot.js:116:20)\n    at Object.module.exports.Message_Handle (C:\\Users\\avata\\Documents\\OKW\\BotFiles\\Handlers\\Message.js:33:9)\n    at processTicksAndRejections (internal/process/task_queues.js:93:5)","service":"user-service"}
{"level":"error","message":"Loading mods: Error: ENOENT: no such file or directory, scandir 'C:\\Users\\avata\\Documents\\OKW\\BotFiles\\mods'","service":"user-service"}
{"level":"error","message":"Call next action: [] TypeError: Cannot read property 'type' of undefined\n    at Object.DBS.callNextAction (C:\\Users\\avata\\Documents\\OKW\\BotFiles\\bot.js:116:20)\n    at Object.module.exports.Message_Handle (C:\\Users\\avata\\Documents\\OKW\\BotFiles\\Handlers\\Message.js:33:9)\n    at processTicksAndRejections (internal/process/task_queues.js:93:5)","service":"user-service"}
{"level":"error","message":"Call next action: [ g] TypeError: Cannot read property 'type' of undefined\n    at Object.DBS.callNextAction (C:\\Users\\avata\\Documents\\OKW\\BotFiles\\bot.js:116:20)\n    at Object.module.exports.Message_Handle (C:\\Users\\avata\\Documents\\OKW\\BotFiles\\Handlers\\Message.js:33:9)\n    at processTicksAndRejections (internal/process/task_queues.js:93:5)","service":"user-service"}
{"level":"error","message":"Call next action: [ elo] TypeError: Cannot read property 'type' of undefined\n    at Object.DBS.callNextAction (C:\\Users\\avata\\Documents\\OKW\\BotFiles\\bot.js:116:20)\n    at Object.module.exports.Message_Handle (C:\\Users\\avata\\Documents\\OKW\\BotFiles\\Handlers\\Message.js:33:9)\n    at processTicksAndRejections (internal/process/task_queues.js:93:5)","service":"user-service"}
{"level":"error","message":"Loading mods: Error: ENOENT: no such file or directory, scandir 'C:\\Users\\avata\\Documents\\OKW\\BotFiles\\mods'","service":"user-service"}
{"level":"error","message":"Call next action: [z 12 18] TypeError: Cannot read property 'type' of undefined\n    at Object.DBS.callNextAction (C:\\Users\\avata\\Documents\\OKW\\BotFiles\\bot.js:116:20)\n    at Object.module.exports.Message_Handle (C:\\Users\\avata\\Documents\\OKW\\BotFiles\\Handlers\\Message.js:33:9)\n    at processTicksAndRejections (internal/process/task_queues.js:93:5)","service":"user-service"}
{"level":"error","message":"Loading mods: Error: ENOENT: no such file or directory, scandir 'C:\\Users\\avata\\Documents\\OKW\\BotFiles\\mods'","service":"user-service"}
{"level":"error","message":"Call next action: [z] TypeError: Cannot read property 'type' of undefined\n    at Object.DBS.callNextAction (C:\\Users\\avata\\Documents\\OKW\\BotFiles\\bot.js:116:20)\n    at Object.module.exports.Message_Handle (C:\\Users\\avata\\Documents\\OKW\\BotFiles\\Handlers\\Message.js:33:9)\n    at processTicksAndRejections (internal/process/task_queues.js:93:5)","service":"user-service"}
{"level":"error","message":"Call next action: [ ja] TypeError: Cannot read property 'type' of undefined\n    at Object.DBS.callNextAction (C:\\Users\\avata\\Documents\\OKW\\BotFiles\\bot.js:116:20)\n    at Object.module.exports.Message_Handle (C:\\Users\\avata\\Documents\\OKW\\BotFiles\\Handlers\\Message.js:33:9)\n    at processTicksAndRejections (internal/process/task_queues.js:93:5)","service":"user-service"}
{"level":"error","message":"Loading mods: Error: ENOENT: no such file or directory, scandir 'C:\\Users\\avata\\Documents\\OKW\\BotFiles\\mods'","service":"user-service"}
{"level":"error","message":"Call next action: [czystka] TypeError: Cannot read property 'type' of undefined\n    at Object.DBS.callNextAction (C:\\Users\\avata\\Documents\\OKW\\BotFiles\\bot.js:116:20)\n    at Object.module.exports.Message_Handle (C:\\Users\\avata\\Documents\\OKW\\BotFiles\\Handlers\\Message.js:33:9)","service":"user-service"}
{"level":"error","message":"Call next action: [czystka] TypeError: Cannot read property 'type' of undefined\n    at Object.DBS.callNextAction (C:\\Users\\avata\\Documents\\OKW\\BotFiles\\bot.js:116:20)\n    at Object.module.exports.Message_Handle (C:\\Users\\avata\\Documents\\OKW\\BotFiles\\Handlers\\Message.js:33:9)","service":"user-service"}
{"level":"error","message":"Call next action: [z] TypeError: Cannot read property 'type' of undefined\n    at Object.DBS.callNextAction (C:\\Users\\avata\\Documents\\OKW\\BotFiles\\bot.js:116:20)\n    at Object.module.exports.Message_Handle (C:\\Users\\avata\\Documents\\OKW\\BotFiles\\Handlers\\Message.js:33:9)\n    at processTicksAndRejections (internal/process/task_queues.js:93:5)","service":"user-service"}
{"level":"error","message":"Call next action: [ ja] TypeError: Cannot read property 'type' of undefined\n    at Object.DBS.callNextAction (C:\\Users\\avata\\Documents\\OKW\\BotFiles\\bot.js:116:20)\n    at Object.module.exports.Message_Handle (C:\\Users\\avata\\Documents\\OKW\\BotFiles\\Handlers\\Message.js:33:9)\n    at processTicksAndRejections (internal/process/task_queues.js:93:5)","service":"user-service"}
{"level":"error","message":"Loading mods: Error: ENOENT: no such file or directory, scandir 'C:\\Users\\avata\\Documents\\OKW\\BotFiles\\mods'","service":"user-service"}
{"level":"error","message":"Call next action: [z] TypeError: Cannot read property 'type' of undefined\n    at Object.DBS.callNextAction (C:\\Users\\avata\\Documents\\OKW\\BotFiles\\bot.js:116:20)\n    at Object.module.exports.Message_Handle (C:\\Users\\avata\\Documents\\OKW\\BotFiles\\Handlers\\Message.js:33:9)\n    at processTicksAndRejections (internal/process/task_queues.js:93:5)","service":"user-service"}
{"level":"error","message":"Call next action: [dic kl] TypeError: Cannot read property 'type' of undefined\n    at Object.DBS.callNextAction (C:\\Users\\avata\\Documents\\OKW\\BotFiles\\bot.js:116:20)\n    at Object.module.exports.Message_Handle (C:\\Users\\avata\\Documents\\OKW\\BotFiles\\Handlers\\Message.js:33:9)\n    at processTicksAndRejections (internal/process/task_queues.js:93:5)","service":"user-service"}
{"level":"error","message":"Call next action: [dic ja34] TypeError: Cannot read property 'type' of undefined\n    at Object.DBS.callNextAction (C:\\Users\\avata\\Documents\\OKW\\BotFiles\\bot.js:116:20)\n    at Object.module.exports.Message_Handle (C:\\Users\\avata\\Documents\\OKW\\BotFiles\\Handlers\\Message.js:33:9)\n    at processTicksAndRejections (internal/process/task_queues.js:93:5)","service":"user-service"}
{"level":"error","message":"Loading mods: Error: ENOENT: no such file or directory, scandir 'C:\\Users\\avata\\Documents\\OKW\\BotFiles\\mods'","service":"user-service"}
{"level":"error","message":"Loading mods: Error: ENOENT: no such file or directory, scandir 'C:\\Users\\avata\\Documents\\OKW\\BotFiles\\mods'","service":"user-service"}
{"level":"error","message":"Call next action: [z] TypeError: Cannot read property 'type' of undefined\n    at Object.DBS.callNextAction (C:\\Users\\avata\\Documents\\OKW\\BotFiles\\bot.js:116:20)\n    at Object.module.exports.Message_Handle (C:\\Users\\avata\\Documents\\OKW\\BotFiles\\Handlers\\Message.js:33:9)\n    at processTicksAndRejections (internal/process/task_queues.js:93:5)","service":"user-service"}
{"level":"error","message":"Loading mods: Error: ENOENT: no such file or directory, scandir 'C:\\Users\\avata\\Documents\\OKW\\BotFiles\\mods'","service":"user-service"}
{"level":"error","message":"Loading mods: Error: ENOENT: no such file or directory, scandir 'C:\\Users\\avata\\Documents\\OKW\\BotFiles\\mods'","service":"user-service"}
{"level":"error","message":"Loading mods: Error: ENOENT: no such file or directory, scandir 'C:\\Users\\avata\\Documents\\OKW\\BotFiles\\mods'","service":"user-service"}
{"level":"error","message":"Call next action: [cnosc avatar] TypeError: Cannot read property 'type' of undefined\n    at Object.DBS.callNextAction (C:\\Users\\avata\\Documents\\OKW\\BotFiles\\bot.js:116:20)\n    at Object.module.exports.Message_Handle (C:\\Users\\avata\\Documents\\OKW\\BotFiles\\Handlers\\Message.js:33:9)\n    at processTicksAndRejections (internal/process/task_queues.js:93:5)","service":"user-service"}
{"level":"error","message":"Loading mods: Error: ENOENT: no such file or directory, scandir 'C:\\Users\\avata\\Documents\\OKW\\BotFiles\\mods'","service":"user-service"}
{"level":"error","message":"Call next action: [cnosc avatar] TypeError: Cannot read property 'type' of undefined\n    at Object.DBS.callNextAction (C:\\Users\\avata\\Documents\\OKW\\BotFiles\\bot.js:116:20)\n    at Object.module.exports.Message_Handle (C:\\Users\\avata\\Documents\\OKW\\BotFiles\\Handlers\\Message.js:33:9)\n    at processTicksAndRejections (internal/process/task_queues.js:93:5)","service":"user-service"}
{"level":"error","message":"Loading mods: Error: ENOENT: no such file or directory, scandir 'C:\\Users\\avata\\Documents\\OKW\\BotFiles\\mods'","service":"user-service"}
{"level":"error","message":"Call next action: [cnosc 1] TypeError: Cannot read property 'type' of undefined\n    at Object.DBS.callNextAction (C:\\Users\\avata\\Documents\\OKW\\BotFiles\\bot.js:116:20)\n    at Object.module.exports.Message_Handle (C:\\Users\\avata\\Documents\\OKW\\BotFiles\\Handlers\\Message.js:33:9)\n    at processTicksAndRejections (internal/process/task_queues.js:93:5)","service":"user-service"}
{"level":"error","message":"Loading mods: Error: ENOENT: no such file or directory, scandir 'C:\\Users\\avata\\Documents\\OKW\\BotFiles\\mods'","service":"user-service"}
{"level":"error","message":"Call next action: [cnosc avatar] TypeError: Cannot read property 'type' of undefined\n    at Object.DBS.callNextAction (C:\\Users\\avata\\Documents\\OKW\\BotFiles\\bot.js:116:20)\n    at Object.module.exports.Message_Handle (C:\\Users\\avata\\Documents\\OKW\\BotFiles\\Handlers\\Message.js:33:9)\n    at processTicksAndRejections (internal/process/task_queues.js:93:5)","service":"user-service"}
{"level":"error","message":"Loading mods: Error: ENOENT: no such file or directory, scandir 'C:\\Users\\avata\\Documents\\OKW\\BotFiles\\mods'","service":"user-service"}
{"level":"error","message":"Loading mods: Error: ENOENT: no such file or directory, scandir 'C:\\Users\\avata\\Documents\\OKW\\BotFiles\\mods'","service":"user-service"}
